2014-11-24 15:21:15 Error: [MissingControllerException] Controller class CssController could not be found.
Exception Attributes: array (
  'class' => 'CssController',
  'plugin' => NULL,
)
Request URL: /css/cake.generic.css
Stack Trace:
#0 /home/fajir/Projets/xsd2Form2Xml/app/webroot/index.php(108): Dispatcher->dispatch(Object(CakeRequest), Object(CakeResponse))
#1 {main}
2014-11-24 15:21:16 Error: [MissingControllerException] Controller class CssController could not be found.
Exception Attributes: array (
  'class' => 'CssController',
  'plugin' => NULL,
)
Request URL: /css/cake.generic.css
Stack Trace:
#0 /home/fajir/Projets/xsd2Form2Xml/app/webroot/index.php(108): Dispatcher->dispatch(Object(CakeRequest), Object(CakeResponse))
#1 {main}
2014-11-24 15:24:37 Error: [MissingControllerException] Controller class CssController could not be found.
Exception Attributes: array (
  'class' => 'CssController',
  'plugin' => NULL,
)
Request URL: /css/cake.generic.css
Stack Trace:
#0 /home/fajir/Projets/xsd2Form2Xml/app/webroot/index.php(108): Dispatcher->dispatch(Object(CakeRequest), Object(CakeResponse))
#1 {main}
2014-11-24 15:24:38 Error: [MissingControllerException] Controller class CssController could not be found.
Exception Attributes: array (
  'class' => 'CssController',
  'plugin' => NULL,
)
Request URL: /css/cake.generic.css
Stack Trace:
#0 /home/fajir/Projets/xsd2Form2Xml/app/webroot/index.php(108): Dispatcher->dispatch(Object(CakeRequest), Object(CakeResponse))
#1 {main}
2014-11-24 15:25:11 Error: [MissingControllerException] Controller class CssController could not be found.
Exception Attributes: array (
  'class' => 'CssController',
  'plugin' => NULL,
)
Request URL: /css/cake.generic.css
Stack Trace:
#0 /home/fajir/Projets/xsd2Form2Xml/app/webroot/index.php(108): Dispatcher->dispatch(Object(CakeRequest), Object(CakeResponse))
#1 {main}
2014-11-24 15:32:06 Error: [MissingControllerException] Controller class CssController could not be found.
Exception Attributes: array (
  'class' => 'CssController',
  'plugin' => NULL,
)
Request URL: /css/cake.generic.css
Stack Trace:
#0 /home/fajir/Projets/xsd2Form2Xml/app/webroot/index.php(108): Dispatcher->dispatch(Object(CakeRequest), Object(CakeResponse))
#1 {main}
2014-11-24 15:32:07 Error: [MissingControllerException] Controller class CssController could not be found.
Exception Attributes: array (
  'class' => 'CssController',
  'plugin' => NULL,
)
Request URL: /css/cake.generic.css
Stack Trace:
#0 /home/fajir/Projets/xsd2Form2Xml/app/webroot/index.php(108): Dispatcher->dispatch(Object(CakeRequest), Object(CakeResponse))
#1 {main}
2014-11-24 15:46:26 Error: [MissingTableException] Table xmls for model Xml was not found in datasource default.
Exception Attributes: array (
  'table' => 'xmls',
  'class' => 'Xml',
  'ds' => 'default',
)
Request URL: /
Stack Trace:
#0 /home/fajir/Projets/xsd2Form2Xml/lib/Cake/Model/Model.php(3566): Model->setSource('xmls')
#1 /home/fajir/Projets/xsd2Form2Xml/lib/Cake/Model/Model.php(2947): Model->getDataSource()
#2 /home/fajir/Projets/xsd2Form2Xml/lib/Cake/Model/Model.php(2919): Model->_readDataSource('all', Array)
#3 /home/fajir/Projets/xsd2Form2Xml/app/Controller/XmlsController.php(8): Model->find('all')
#4 [internal function]: XmlsController->index()
#5 /home/fajir/Projets/xsd2Form2Xml/lib/Cake/Controller/Controller.php(490): ReflectionMethod->invokeArgs(Object(XmlsController), Array)
#6 /home/fajir/Projets/xsd2Form2Xml/lib/Cake/Routing/Dispatcher.php(191): Controller->invokeAction(Object(CakeRequest))
#7 /home/fajir/Projets/xsd2Form2Xml/lib/Cake/Routing/Dispatcher.php(165): Dispatcher->_invoke(Object(XmlsController), Object(CakeRequest))
#8 /home/fajir/Projets/xsd2Form2Xml/app/webroot/index.php(108): Dispatcher->dispatch(Object(CakeRequest), Object(CakeResponse))
#9 {main}
2014-11-24 15:46:26 Error: [MissingControllerException] Controller class CssController could not be found.
Exception Attributes: array (
  'class' => 'CssController',
  'plugin' => NULL,
)
Request URL: /css/cake.generic.css
Stack Trace:
#0 /home/fajir/Projets/xsd2Form2Xml/app/webroot/index.php(108): Dispatcher->dispatch(Object(CakeRequest), Object(CakeResponse))
#1 {main}
2014-11-24 15:59:17 Error: [MissingControllerException] Controller class CssController could not be found.
Exception Attributes: array (
  'class' => 'CssController',
  'plugin' => NULL,
)
Request URL: /css/cake.generic.css
Stack Trace:
#0 /home/fajir/Projets/xsd2Form2Xml/app/webroot/index.php(108): Dispatcher->dispatch(Object(CakeRequest), Object(CakeResponse))
#1 {main}
2014-11-24 15:59:18 Error: [MissingControllerException] Controller class CssController could not be found.
Exception Attributes: array (
  'class' => 'CssController',
  'plugin' => NULL,
)
Request URL: /css/cake.generic.css
Stack Trace:
#0 /home/fajir/Projets/xsd2Form2Xml/app/webroot/index.php(108): Dispatcher->dispatch(Object(CakeRequest), Object(CakeResponse))
#1 {main}
2014-11-24 15:59:20 Error: [MissingControllerException] Controller class CssController could not be found.
Exception Attributes: array (
  'class' => 'CssController',
  'plugin' => NULL,
)
Request URL: /css/cake.generic.css
Stack Trace:
#0 /home/fajir/Projets/xsd2Form2Xml/app/webroot/index.php(108): Dispatcher->dispatch(Object(CakeRequest), Object(CakeResponse))
#1 {main}
